
> @repo/schemas@0.0.0 build /Users/zenon.zheng/Documents/hilton-reservations/repo/.worktrees/admin-search-filters/packages/schemas
> tsup

CLI Building entry: src/index.ts, src/auth/index.ts, src/user/index.ts, src/reservation/index.ts
CLI Using tsconfig: tsconfig.json
CLI tsup v8.5.1
CLI Using tsup config: /Users/zenon.zheng/Documents/hilton-reservations/repo/.worktrees/admin-search-filters/packages/schemas/tsup.config.ts
CLI Target: es2022
CLI Cleaning output folder
ESM Build start
ESM dist/reservation/index.js 804.00 B
ESM dist/user/index.js        881.00 B
ESM dist/auth/index.js        888.00 B
ESM dist/index.js             2.51 KB
ESM ⚡️ Build success in 9ms
DTS Build start
DTS ⚡️ Build success in 1261ms
DTS dist/index.d.ts             407.00 B
DTS dist/auth/index.d.ts        1.22 KB
DTS dist/user/index.d.ts        2.36 KB
DTS dist/reservation/index.d.ts 402.00 B
