

> @repo/ui@0.0.0 build /Users/zenon.zheng/Documents/hilton-reservations/repo/packages/ui
> tsup

package.json: 

{
  "main": "./dist/index.js",
  "module": "./dist/index.js",
  "types": "./dist/index.d.ts",
  "browser": {},
  "exports": {
    "solid": {
      "development": "./dist/dev.jsx",
      "import": "./dist/index.jsx"
    },
    "development": {
      "import": {
        "types": "./dist/index.d.ts",
        "default": "./dist/dev.js"
      }
    },
    "import": {
      "types": "./dist/index.d.ts",
      "default": "./dist/index.js"
    }
  },
  "typesVersions": {}
}


[34mCLI[39m Building entry: {"index":"src/index.tsx"}
[34mCLI[39m Using tsconfig: tsconfig.json
[34mCLI[39m Building entry: {"index":"src/index.tsx"}
[34mCLI[39m Using tsconfig: tsconfig.json
[34mCLI[39m Building entry: {"dev":"src/index.tsx"}
[34mCLI[39m Using tsconfig: tsconfig.json
[34mCLI[39m Building entry: {"dev":"src/index.tsx"}
[34mCLI[39m Using tsconfig: tsconfig.json
[34mCLI[39m tsup v8.5.1
[34mCLI[39m Using tsup config: /Users/zenon.zheng/Documents/hilton-reservations/repo/packages/ui/tsup.config.ts
[34mCLI[39m tsup v8.5.1
[34mCLI[39m Using tsup config: /Users/zenon.zheng/Documents/hilton-reservations/repo/packages/ui/tsup.config.ts
[34mCLI[39m tsup v8.5.1
[34mCLI[39m Using tsup config: /Users/zenon.zheng/Documents/hilton-reservations/repo/packages/ui/tsup.config.ts
[34mCLI[39m tsup v8.5.1
[34mCLI[39m Using tsup config: /Users/zenon.zheng/Documents/hilton-reservations/repo/packages/ui/tsup.config.ts
[34mCLI[39m Target: esnext
[34mESM[39m Build start
[34mCLI[39m Target: esnext
[34mESM[39m Build start
[34mCLI[39m Target: esnext
[34mESM[39m Build start
[34mCLI[39m Target: esnext
[34mCLI[39m Cleaning output folder
[34mESM[39m Build start
[32mESM[39m [1mdist/index.jsx [22m[32m4.36 KB[39m
[32mESM[39m ⚡️ Build success in 494ms
[32mESM[39m [1mdist/dev.jsx [22m[32m4.36 KB[39m
[32mESM[39m ⚡️ Build success in 493ms
[32mESM[39m [1mdist/dev.js [22m[32m5.65 KB[39m
[32mESM[39m ⚡️ Build success in 596ms
[32mESM[39m [1mdist/index.js [22m[32m5.65 KB[39m
[32mESM[39m ⚡️ Build success in 591ms
DTS Build start
DTS ⚡️ Build success in 5864ms
DTS dist/index.d.ts 1.07 KB
